Wed 12 Apr 2017 14:39:37 INFO kmeans.py 107 5060 数据量：1000
Wed 12 Apr 2017 14:39:37 INFO kmeans.py 108 5060 K值: 4
Wed 12 Apr 2017 14:39:37 INFO kmeans.py 112 5060 初始化中心点:  601  234  756  393
Wed 12 Apr 2017 15:02:06 INFO kmeans.py 165 5060 第1次聚类迭代耗时：1349.1999998092651
Wed 12 Apr 2017 15:02:06 INFO kmeans.py 170 5060 第%s次聚类迭代得到中心点:  998.0  992.0  997.0  1000.0
Wed 12 Apr 2017 15:02:06 INFO kmeans.py 171 5060 SSE: 11288560.718
Wed 12 Apr 2017 15:09:51 INFO kmeans.py 165 5060 第2次聚类迭代耗时：465.3019998073578
Wed 12 Apr 2017 15:09:51 INFO kmeans.py 170 5060 第%s次聚类迭代得到中心点:  999.0  992.0  997.0  1000.0
Wed 12 Apr 2017 15:09:51 INFO kmeans.py 171 5060 SSE: 11569432.4762
Wed 12 Apr 2017 15:17:34 INFO kmeans.py 165 5060 第3次聚类迭代耗时：462.8069999217987
Wed 12 Apr 2017 15:17:34 INFO kmeans.py 170 5060 第%s次聚类迭代得到中心点:  999.0  992.0  997.0  1000.0
Wed 12 Apr 2017 15:17:34 INFO kmeans.py 171 5060 SSE: 11344008.3713
Wed 12 Apr 2017 15:21:26 INFO kmeans.py 146 5060 共耗时：2509.5460000038147
Wed 12 Apr 2017 15:21:28 INFO kmeans.py 107 5060 数据量：1000
Wed 12 Apr 2017 15:21:28 INFO kmeans.py 108 5060 K值: 4
Wed 12 Apr 2017 15:21:28 INFO kmeans.py 112 5060 初始化中心点:  267  591  863  214
Wed 12 Apr 2017 15:42:52 INFO kmeans.py 165 5060 第1次聚类迭代耗时：1284.108999967575
Wed 12 Apr 2017 15:42:52 INFO kmeans.py 170 5060 第%s次聚类迭代得到中心点:  990.0  1000.0  973.0  997.0
Wed 12 Apr 2017 15:42:52 INFO kmeans.py 171 5060 SSE: 11774483.532
Wed 12 Apr 2017 15:50:35 INFO kmeans.py 165 5060 第2次聚类迭代耗时：463.1449999809265
Wed 12 Apr 2017 15:50:35 INFO kmeans.py 170 5060 第%s次聚类迭代得到中心点:  990.0  1000.0  973.0  997.0
Wed 12 Apr 2017 15:50:35 INFO kmeans.py 171 5060 SSE: 11760515.6706
Wed 12 Apr 2017 15:54:23 INFO kmeans.py 146 5060 共耗时：1974.3159999847412
Wed 12 Apr 2017 15:54:25 INFO kmeans.py 107 5060 数据量：1000
Wed 12 Apr 2017 15:54:25 INFO kmeans.py 108 5060 K值: 4
Wed 12 Apr 2017 15:54:25 INFO kmeans.py 112 5060 初始化中心点:  6  234  285  249
Wed 12 Apr 2017 16:10:58 INFO kmeans.py 106 4168 数据量：1000
Wed 12 Apr 2017 16:10:58 INFO kmeans.py 107 4168 K值: 5
Wed 12 Apr 2017 16:10:58 INFO kmeans.py 111 4168 初始化中心点:  764  393  795  953  172
Wed 12 Apr 2017 16:34:24 INFO kmeans.py 164 4168 第1次聚类迭代耗时：1405.8359999656677
Wed 12 Apr 2017 16:34:24 INFO kmeans.py 169 4168 第%s次聚类迭代得到中心点:  993.0  1000.0  990.0  997.0  981.0
Wed 12 Apr 2017 16:34:24 INFO kmeans.py 170 4168 SSE: 11680432.5251
Wed 12 Apr 2017 16:41:53 INFO kmeans.py 164 4168 第2次聚类迭代耗时：449.42700004577637
Wed 12 Apr 2017 16:41:53 INFO kmeans.py 169 4168 第%s次聚类迭代得到中心点:  998.0  1000.0  990.0  997.0  981.0
Wed 12 Apr 2017 16:41:53 INFO kmeans.py 170 4168 SSE: 11528399.6262
Wed 12 Apr 2017 16:49:18 INFO kmeans.py 164 4168 第3次聚类迭代耗时：444.6659998893738
Wed 12 Apr 2017 16:49:18 INFO kmeans.py 169 4168 第%s次聚类迭代得到中心点:  999.0  1000.0  990.0  997.0  988.0
Wed 12 Apr 2017 16:49:18 INFO kmeans.py 170 4168 SSE: 11565923.0619
Wed 12 Apr 2017 16:56:46 INFO kmeans.py 164 4168 第4次聚类迭代耗时：448.51520013809204
Wed 12 Apr 2017 16:56:46 INFO kmeans.py 169 4168 第%s次聚类迭代得到中心点:  999.0  1000.0  990.0  997.0  993.0
Wed 12 Apr 2017 16:56:46 INFO kmeans.py 170 4168 SSE: 11489879.3986
Wed 12 Apr 2017 17:04:08 INFO kmeans.py 164 4168 第5次聚类迭代耗时：441.5829999446869
Wed 12 Apr 2017 17:04:08 INFO kmeans.py 169 4168 第%s次聚类迭代得到中心点:  999.0  1000.0  990.0  997.0  993.0
Wed 12 Apr 2017 17:04:08 INFO kmeans.py 170 4168 SSE: 11658550.406
Wed 12 Apr 2017 17:07:50 INFO kmeans.py 145 4168 共耗时：3411.9751999378204
Wed 12 Apr 2017 17:07:52 INFO kmeans.py 106 4168 数据量：1000
Wed 12 Apr 2017 17:07:52 INFO kmeans.py 107 4168 K值: 5
Wed 12 Apr 2017 17:07:52 INFO kmeans.py 111 4168 初始化中心点:  989  43  924  849  640
Wed 12 Apr 2017 17:09:40 INFO kmeans.py 106 8560 数据量：1000
Wed 12 Apr 2017 17:09:40 INFO kmeans.py 107 8560 K值: 5
Wed 12 Apr 2017 17:09:40 INFO kmeans.py 111 8560 初始化中心点:  91  244  467  144  941
Wed 12 Apr 2017 17:34:34 INFO kmeans.py 164 8560 第1次聚类迭代耗时：1493.8980000019073
Wed 12 Apr 2017 17:34:34 INFO kmeans.py 169 8560 第1次聚类迭代得到中心点:  993.0  914.0  999.0  1000.0  997.0
Wed 12 Apr 2017 17:34:34 INFO kmeans.py 170 8560 SSE: 11361317.0765
Fri 14 Apr 2017 14:08:46 INFO kmeans.py 106 820 数据量：1000
Fri 14 Apr 2017 14:08:47 INFO kmeans.py 107 820 K值: 5
Fri 14 Apr 2017 14:08:47 INFO kmeans.py 111 820 初始化中心点:  417  378  856  713  7
Fri 14 Apr 2017 14:33:51 INFO kmeans.py 164 820 第1次聚类迭代耗时：1504.7530000209808
Fri 14 Apr 2017 14:33:51 INFO kmeans.py 169 820 第1次聚类迭代得到中心点:  999.0  992.0  997.0  973.0  1000.0
Fri 14 Apr 2017 14:33:51 INFO kmeans.py 170 820 SSE: 10543667.9244
Fri 14 Apr 2017 14:41:42 INFO kmeans.py 164 820 第2次聚类迭代耗时：470.4979999065399
Fri 14 Apr 2017 14:41:42 INFO kmeans.py 169 820 第2次聚类迭代得到中心点:  999.0  992.0  997.0  973.0  1000.0
Fri 14 Apr 2017 14:41:42 INFO kmeans.py 170 820 SSE: 10569573.7038
Fri 14 Apr 2017 14:45:37 INFO kmeans.py 145 820 共耗时：2210.6269998550415
Fri 14 Apr 2017 14:45:41 INFO kmeans.py 106 820 数据量：1000
Fri 14 Apr 2017 14:45:41 INFO kmeans.py 107 820 K值: 5
Fri 14 Apr 2017 14:45:41 INFO kmeans.py 111 820 初始化中心点:  892  265  443  203  807
Fri 14 Apr 2017 15:12:19 INFO kmeans.py 164 820 第1次聚类迭代耗时：1598.510999917984
Fri 14 Apr 2017 15:12:19 INFO kmeans.py 169 820 第1次聚类迭代得到中心点:  1000.0  999.0  623.0  973.0  997.0
Fri 14 Apr 2017 15:12:19 INFO kmeans.py 170 820 SSE: 12075890.6596
Fri 14 Apr 2017 15:24:03 INFO kmeans.py 164 820 第2次聚类迭代耗时：703.324000120163
Fri 14 Apr 2017 15:24:03 INFO kmeans.py 169 820 第2次聚类迭代得到中心点:  1000.0  999.0  623.0  973.0  997.0
Fri 14 Apr 2017 15:24:03 INFO kmeans.py 170 820 SSE: 11969495.1014
Fri 14 Apr 2017 15:27:57 INFO kmeans.py 145 820 共耗时：2536.4769999980927
Fri 14 Apr 2017 15:28:00 INFO kmeans.py 106 820 数据量：1000
Fri 14 Apr 2017 15:28:00 INFO kmeans.py 107 820 K值: 5
Fri 14 Apr 2017 15:28:00 INFO kmeans.py 111 820 初始化中心点:  661  212  191  763  876
Fri 14 Apr 2017 15:54:17 INFO kmeans.py 164 820 第1次聚类迭代耗时：1577.1710000038147
Fri 14 Apr 2017 15:54:17 INFO kmeans.py 169 820 第1次聚类迭代得到中心点:  990.0  1000.0  997.0  787.0  972.0
Fri 14 Apr 2017 15:54:17 INFO kmeans.py 170 820 SSE: 13836545.8618
Fri 14 Apr 2017 16:09:16 INFO kmeans.py 164 820 第2次聚类迭代耗时：898.7909998893738
Fri 14 Apr 2017 16:09:16 INFO kmeans.py 169 820 第2次聚类迭代得到中心点:  990.0  1000.0  997.0  998.0  973.0
Fri 14 Apr 2017 16:09:16 INFO kmeans.py 170 820 SSE: 13143780.3771
Fri 14 Apr 2017 16:17:09 INFO kmeans.py 164 820 第3次聚类迭代耗时：473.6820001602173
Fri 14 Apr 2017 16:17:09 INFO kmeans.py 169 820 第3次聚类迭代得到中心点:  990.0  1000.0  997.0  999.0  973.0
Fri 14 Apr 2017 16:17:09 INFO kmeans.py 170 820 SSE: 13081238.2428
Fri 14 Apr 2017 16:25:00 INFO kmeans.py 164 820 第4次聚类迭代耗时：470.24199986457825
Fri 14 Apr 2017 16:25:00 INFO kmeans.py 169 820 第4次聚类迭代得到中心点:  990.0  1000.0  997.0  999.0  973.0
Fri 14 Apr 2017 16:25:00 INFO kmeans.py 170 820 SSE: 12434580.0478
Fri 14 Apr 2017 16:28:54 INFO kmeans.py 145 820 共耗时：3653.917000055313
Fri 14 Apr 2017 16:29:01 INFO kmeans.py 106 820 数据量：1000
Fri 14 Apr 2017 16:29:01 INFO kmeans.py 107 820 K值: 5
Fri 14 Apr 2017 16:29:01 INFO kmeans.py 111 820 初始化中心点:  488  687  888  439  238
Fri 14 Apr 2017 16:52:19 INFO kmeans.py 164 820 第1次聚类迭代耗时：1398.5590000152588
Fri 14 Apr 2017 16:52:19 INFO kmeans.py 169 820 第1次聚类迭代得到中心点:  990.0  997.0  972.0  1000.0  993.0
Fri 14 Apr 2017 16:52:19 INFO kmeans.py 170 820 SSE: 10964880.4833
Fri 14 Apr 2017 17:00:13 INFO kmeans.py 164 820 第2次聚类迭代耗时：474.1840000152588
Fri 14 Apr 2017 17:00:13 INFO kmeans.py 169 820 第2次聚类迭代得到中心点:  990.0  997.0  973.0  1000.0  998.0
Fri 14 Apr 2017 17:00:13 INFO kmeans.py 170 820 SSE: 11359836.2169
Fri 14 Apr 2017 17:08:00 INFO kmeans.py 164 820 第3次聚类迭代耗时：466.3180000782013
Fri 14 Apr 2017 17:08:00 INFO kmeans.py 169 820 第3次聚类迭代得到中心点:  990.0  997.0  973.0  1000.0  999.0
Fri 14 Apr 2017 17:08:00 INFO kmeans.py 170 820 SSE: 11802476.6374
Fri 14 Apr 2017 17:15:37 INFO kmeans.py 164 820 第4次聚类迭代耗时：457.1419999599457
Fri 14 Apr 2017 17:15:37 INFO kmeans.py 169 820 第4次聚类迭代得到中心点:  990.0  997.0  973.0  1000.0  999.0
Fri 14 Apr 2017 17:15:37 INFO kmeans.py 170 820 SSE: 11555848.673
Fri 14 Apr 2017 17:19:25 INFO kmeans.py 145 820 共耗时：3024.3730001449585
Fri 14 Apr 2017 17:19:28 INFO kmeans.py 106 820 数据量：1000
Fri 14 Apr 2017 17:19:28 INFO kmeans.py 107 820 K值: 5
Fri 14 Apr 2017 17:19:28 INFO kmeans.py 111 820 初始化中心点:  82  766  101  74  632
Fri 21 Apr 2017 15:50:45 INFO kmeans.py 107 8488 数据量：2000
Fri 21 Apr 2017 15:50:45 INFO kmeans.py 108 8488 K值: 5
Fri 21 Apr 2017 15:50:45 INFO kmeans.py 112 8488 初始化中心点:  1201  1510  1066  125  624
Fri 21 Apr 2017 16:24:42 INFO kmeans.py 107 11248 数据量：2000
Fri 21 Apr 2017 16:24:42 INFO kmeans.py 108 11248 K值: 5
Fri 21 Apr 2017 16:24:42 INFO kmeans.py 112 11248 初始化中心点:  478  54  274  1719  370
Fri 21 Apr 2017 16:26:40 INFO kmeans.py 107 6604 数据量：2000
Fri 21 Apr 2017 16:26:40 INFO kmeans.py 108 6604 K值: 5
Fri 21 Apr 2017 16:26:40 INFO kmeans.py 112 6604 初始化中心点:  178  137  688  1242  648
Fri 21 Apr 2017 16:52:04 INFO kmeans.py 107 2868 数据量：2000
Fri 21 Apr 2017 16:52:04 INFO kmeans.py 108 2868 K值: 5
Fri 21 Apr 2017 16:52:04 INFO kmeans.py 112 2868 初始化中心点:  1574  571  1272  1872  1404
Tue 02 May 2017 15:54:17 INFO kmeans.py 107 9112 数据量：1000
Tue 02 May 2017 15:54:17 INFO kmeans.py 108 9112 K值: 3
Tue 02 May 2017 15:54:17 INFO kmeans.py 112 9112 初始化中心点:  377  49  904
Tue 02 May 2017 16:07:55 INFO kmeans.py 168 9112 第1次聚类迭代耗时：818.1340000629425
Tue 02 May 2017 16:07:55 INFO kmeans.py 173 9112 第1次聚类迭代得到中心点:  973.0  1000.0  999.0
Tue 02 May 2017 16:07:55 INFO kmeans.py 174 9112 SSE: 3930087.76045
Tue 02 May 2017 16:15:28 INFO kmeans.py 168 9112 第2次聚类迭代耗时：453.0789999961853
Tue 02 May 2017 16:15:28 INFO kmeans.py 173 9112 第2次聚类迭代得到中心点:  973.0  1000.0  999.0
Tue 02 May 2017 16:15:28 INFO kmeans.py 174 9112 SSE: 11214832.7627
Tue 02 May 2017 16:19:14 INFO kmeans.py 149 9112 共耗时：1496.8719999790192
Tue 02 May 2017 16:19:20 INFO kmeans.py 107 9112 数据量：1000
Tue 02 May 2017 16:19:20 INFO kmeans.py 108 9112 K值: 3
Tue 02 May 2017 16:19:20 INFO kmeans.py 112 9112 初始化中心点:  509  652  134
Tue 02 May 2017 16:33:07 INFO kmeans.py 168 9112 第1次聚类迭代耗时：826.9649999141693
Tue 02 May 2017 16:33:07 INFO kmeans.py 173 9112 第1次聚类迭代得到中心点:  1000.0  999.0  973.0
Tue 02 May 2017 16:33:07 INFO kmeans.py 174 9112 SSE: 4720815.65123
Tue 02 May 2017 16:40:44 INFO kmeans.py 168 9112 第2次聚类迭代耗时：456.32599997520447
Tue 02 May 2017 16:40:44 INFO kmeans.py 173 9112 第2次聚类迭代得到中心点:  1000.0  999.0  973.0
Tue 02 May 2017 16:40:44 INFO kmeans.py 174 9112 SSE: 12206952.6048
Tue 02 May 2017 16:44:29 INFO kmeans.py 149 9112 共耗时：1508.1209998130798
Tue 02 May 2017 16:44:35 INFO kmeans.py 107 9112 数据量：1000
Tue 02 May 2017 16:44:35 INFO kmeans.py 108 9112 K值: 3
Tue 02 May 2017 16:44:35 INFO kmeans.py 112 9112 初始化中心点:  59  79  715
Tue 02 May 2017 16:59:59 INFO kmeans.py 168 9112 第1次聚类迭代耗时：924.2839999198914
Tue 02 May 2017 16:59:59 INFO kmeans.py 173 9112 第1次聚类迭代得到中心点:  1000.0  999.0  968.0
Tue 02 May 2017 16:59:59 INFO kmeans.py 174 9112 SSE: 4514450.43077
Tue 02 May 2017 17:07:36 INFO kmeans.py 168 9112 第2次聚类迭代耗时：456.21600008010864
Tue 02 May 2017 17:07:36 INFO kmeans.py 173 9112 第2次聚类迭代得到中心点:  1000.0  999.0  968.0
Tue 02 May 2017 17:07:36 INFO kmeans.py 174 9112 SSE: 11702162.9276
Tue 02 May 2017 17:11:21 INFO kmeans.py 149 9112 共耗时：1605.7000000476837
Tue 02 May 2017 17:11:27 INFO kmeans.py 107 9112 数据量：1000
Tue 02 May 2017 17:11:27 INFO kmeans.py 108 9112 K值: 3
Tue 02 May 2017 17:11:27 INFO kmeans.py 112 9112 初始化中心点:  67  879  505
Tue 02 May 2017 17:24:38 INFO kmeans.py 168 9112 第1次聚类迭代耗时：790.3810000419617
Tue 02 May 2017 17:24:38 INFO kmeans.py 173 9112 第1次聚类迭代得到中心点:  999.0  973.0  1000.0
Tue 02 May 2017 17:24:38 INFO kmeans.py 174 9112 SSE: 3277107.35509
Wed 03 May 2017 08:27:00 INFO kmeans.py 107 1188 数据量：1000
Wed 03 May 2017 08:27:00 INFO kmeans.py 108 1188 K值: 3
Wed 03 May 2017 08:27:00 INFO kmeans.py 112 1188 初始化中心点:  251  323  195
Wed 03 May 2017 08:42:21 INFO kmeans.py 168 1188 第1次聚类迭代耗时：920.9070000648499
Wed 03 May 2017 08:42:21 INFO kmeans.py 173 1188 第1次聚类迭代得到中心点:  1000.0  999.0  991.0
Wed 03 May 2017 08:42:21 INFO kmeans.py 174 1188 SSE: 7282389.33723
Wed 03 May 2017 08:49:45 INFO kmeans.py 168 1188 第2次聚类迭代耗时：444.5279998779297
Wed 03 May 2017 08:49:45 INFO kmeans.py 173 1188 第2次聚类迭代得到中心点:  1000.0  999.0  997.0
Wed 03 May 2017 08:49:45 INFO kmeans.py 174 1188 SSE: 6161317.3242
Wed 03 May 2017 08:57:04 INFO kmeans.py 168 1188 第3次聚类迭代耗时：438.6950001716614
Wed 03 May 2017 08:57:04 INFO kmeans.py 173 1188 第3次聚类迭代得到中心点:  1000.0  999.0  997.0
Wed 03 May 2017 08:57:04 INFO kmeans.py 174 1188 SSE: 13076708.2054
Wed 03 May 2017 09:00:44 INFO kmeans.py 149 1188 共耗时：2023.7649998664856
Wed 03 May 2017 09:00:50 INFO kmeans.py 107 1188 数据量：1000
Wed 03 May 2017 09:00:50 INFO kmeans.py 108 1188 K值: 3
Wed 03 May 2017 09:00:50 INFO kmeans.py 112 1188 初始化中心点:  994  517  669
Wed 03 May 2017 09:11:05 INFO kmeans.py 168 1188 第1次聚类迭代耗时：614.470999956131
Wed 03 May 2017 09:11:05 INFO kmeans.py 173 1188 第1次聚类迭代得到中心点:  999.0  997.0  1000.0
Wed 03 May 2017 09:11:05 INFO kmeans.py 174 1188 SSE: 6534610.4642
Wed 03 May 2017 09:18:21 INFO kmeans.py 168 1188 第2次聚类迭代耗时：436.20800018310547
Wed 03 May 2017 09:18:21 INFO kmeans.py 173 1188 第2次聚类迭代得到中心点:  999.0  997.0  1000.0
Wed 03 May 2017 09:18:21 INFO kmeans.py 174 1188 SSE: 12639724.7367
Wed 03 May 2017 09:22:00 INFO kmeans.py 149 1188 共耗时：1270.1169998645782
Wed 03 May 2017 09:22:07 INFO kmeans.py 107 1188 数据量：1000
Wed 03 May 2017 09:22:07 INFO kmeans.py 108 1188 K值: 3
Wed 03 May 2017 09:22:07 INFO kmeans.py 112 1188 初始化中心点:  159  746  898
Wed 03 May 2017 09:33:30 INFO kmeans.py 168 1188 第1次聚类迭代耗时：683.4830000400543
Wed 03 May 2017 09:33:30 INFO kmeans.py 173 1188 第1次聚类迭代得到中心点:  991.0  992.0  1000.0
Wed 03 May 2017 09:33:30 INFO kmeans.py 174 1188 SSE: 7100158.21491
Wed 03 May 2017 09:40:43 INFO kmeans.py 168 1188 第2次聚类迭代耗时：433.085000038147
Wed 03 May 2017 09:40:43 INFO kmeans.py 173 1188 第2次聚类迭代得到中心点:  997.0  992.0  1000.0
Wed 03 May 2017 09:40:43 INFO kmeans.py 174 1188 SSE: 15811009.9163
Wed 03 May 2017 09:48:00 INFO kmeans.py 168 1188 第3次聚类迭代耗时：436.80400013923645
Wed 03 May 2017 09:48:00 INFO kmeans.py 173 1188 第3次聚类迭代得到中心点:  999.0  992.0  1000.0
Wed 03 May 2017 09:48:00 INFO kmeans.py 174 1188 SSE: 14495206.9717
Wed 03 May 2017 09:55:23 INFO kmeans.py 168 1188 第4次聚类迭代耗时：443.26199984550476
Wed 03 May 2017 09:55:23 INFO kmeans.py 173 1188 第4次聚类迭代得到中心点:  999.0  992.0  1000.0
Wed 03 May 2017 09:55:23 INFO kmeans.py 174 1188 SSE: 15354990.2024
Wed 03 May 2017 09:59:03 INFO kmeans.py 149 1188 共耗时：2216.4370000362396
Wed 03 May 2017 09:59:10 INFO kmeans.py 107 1188 数据量：1000
Wed 03 May 2017 09:59:10 INFO kmeans.py 108 1188 K值: 3
Wed 03 May 2017 09:59:10 INFO kmeans.py 112 1188 初始化中心点:  133  716  261
Wed 03 May 2017 10:13:24 INFO kmeans.py 168 1188 第1次聚类迭代耗时：854.183000087738
Wed 03 May 2017 10:13:24 INFO kmeans.py 173 1188 第1次聚类迭代得到中心点:  1000.0  998.0  999.0
Wed 03 May 2017 10:13:24 INFO kmeans.py 174 1188 SSE: 4622698.03711
Wed 03 May 2017 10:20:51 INFO kmeans.py 168 1188 第2次聚类迭代耗时：447.164999961853
Wed 03 May 2017 10:20:51 INFO kmeans.py 173 1188 第2次聚类迭代得到中心点:  1000.0  998.0  999.0
Wed 03 May 2017 10:20:51 INFO kmeans.py 174 1188 SSE: 5579741.4686
Wed 03 May 2017 10:24:35 INFO kmeans.py 149 1188 共耗时：1524.8849999904633
Wed 03 May 2017 10:24:42 INFO kmeans.py 107 1188 数据量：1000
Wed 03 May 2017 10:24:42 INFO kmeans.py 108 1188 K值: 3
Wed 03 May 2017 10:24:42 INFO kmeans.py 112 1188 初始化中心点:  110  85  423
Wed 03 May 2017 10:34:10 INFO kmeans.py 107 7996 数据量：1000
Wed 03 May 2017 10:34:10 INFO kmeans.py 108 7996 K值: 8
Wed 03 May 2017 10:34:10 INFO kmeans.py 112 7996 初始化中心点:  637  137  935  907  448  34  67  876
Wed 03 May 2017 10:55:57 INFO kmeans.py 168 7996 第1次聚类迭代耗时：1307.2349998950958
Wed 03 May 2017 10:55:57 INFO kmeans.py 173 7996 第1次聚类迭代得到中心点:  998.0  923.0  993.0  999.0  1000.0  996.0  991.0  990.0
Wed 03 May 2017 10:55:57 INFO kmeans.py 174 7996 SSE: 2503225.38981
Wed 03 May 2017 11:03:44 INFO kmeans.py 168 7996 第2次聚类迭代耗时：467.08899998664856
Wed 03 May 2017 11:03:44 INFO kmeans.py 173 7996 第2次聚类迭代得到中心点:  998.0  973.0  993.0  999.0  1000.0  996.0  997.0  994.0
Wed 03 May 2017 11:03:44 INFO kmeans.py 174 7996 SSE: 12770539.1847
Wed 03 May 2017 11:11:17 INFO kmeans.py 168 7996 第3次聚类迭代耗时：452.603000164032
Wed 03 May 2017 11:11:17 INFO kmeans.py 173 7996 第3次聚类迭代得到中心点:  998.0  973.0  993.0  999.0  1000.0  996.0  997.0  994.0
Wed 03 May 2017 11:11:17 INFO kmeans.py 174 7996 SSE: 10746761.1494
Wed 03 May 2017 11:14:59 INFO kmeans.py 149 7996 共耗时：2449.332999944687
Wed 03 May 2017 11:15:06 INFO kmeans.py 107 7996 数据量：1000
Wed 03 May 2017 11:15:06 INFO kmeans.py 108 7996 K值: 8
Wed 03 May 2017 11:15:06 INFO kmeans.py 112 7996 初始化中心点:  560  733  898  18  125  354  59  558
Wed 03 May 2017 11:39:47 INFO kmeans.py 168 7996 第1次聚类迭代耗时：1481.3919999599457
Wed 03 May 2017 11:39:47 INFO kmeans.py 173 7996 第1次聚类迭代得到中心点:  954.0  981.0  999.0  923.0  997.0  1000.0  990.0  973.0
Wed 03 May 2017 11:39:47 INFO kmeans.py 174 7996 SSE: 2432551.95065
Wed 03 May 2017 11:47:56 INFO kmeans.py 168 7996 第2次聚类迭代耗时：489.0840001106262
Wed 03 May 2017 11:47:56 INFO kmeans.py 173 7996 第2次聚类迭代得到中心点:  985.0  993.0  999.0  936.0  997.0  1000.0  994.0  973.0
Wed 03 May 2017 11:47:56 INFO kmeans.py 174 7996 SSE: 10348335.8458
Wed 03 May 2017 11:55:32 INFO kmeans.py 168 7996 第3次聚类迭代耗时：455.58960247039795
Wed 03 May 2017 11:55:32 INFO kmeans.py 173 7996 第3次聚类迭代得到中心点:  996.0  993.0  999.0  981.0  997.0  1000.0  994.0  973.0
Wed 03 May 2017 11:55:32 INFO kmeans.py 174 7996 SSE: 10471180.6141
